app/build/intermediates/manifest_merge_blame_file/debug/manifest-merger-blame-debug-report.txt
1<?xml version="1.0" encoding="utf-8"?>
2<manifest xmlns:android="http://schemas.android.com/apk/res/android"
3    package="com.example.cat300"
4    android:versionCode="1"
5    android:versionName="1.0" >
6
7    <uses-sdk
8        android:minSdkVersion="23"
8-->src\main\AndroidManifest.xml
9        android:targetSdkVersion="29" />
9-->src\main\AndroidManifest.xml
10
11    <uses-permission android:name="android.permission.INTERNET" />
11-->src\main\AndroidManifest.xml:5:5-67
11-->src\main\AndroidManifest.xml:5:22-64
12    <uses-permission android:name="android.permission.READ_EXTERNAL_STORAGE" />
12-->src\main\AndroidManifest.xml:6:5-80
12-->src\main\AndroidManifest.xml:6:22-77
13    <uses-permission android:name="android.permission.WRITE_EXTERNAL_STORAGE" />
13-->src\main\AndroidManifest.xml:7:5-81
13-->src\main\AndroidManifest.xml:7:22-78
14    <uses-permission android:name="android.permission.MEDIA_CONTENT_CONTROL" />
14-->src\main\AndroidManifest.xml:8:5-80
14-->src\main\AndroidManifest.xml:8:22-77
15    <uses-permission android:name="android.permission.CAMERA" />
15-->src\main\AndroidManifest.xml:9:5-65
15-->src\main\AndroidManifest.xml:9:22-62
16
17    <uses-feature android:name="android.hardware.camera" />
17-->src\main\AndroidManifest.xml:11:5-60
17-->src\main\AndroidManifest.xml:11:19-57
18    <uses-feature android:name="android.hardware.camera.autofocus" />
18-->src\main\AndroidManifest.xml:12:5-70
18-->src\main\AndroidManifest.xml:12:19-67
19
20    <!-- Although the *SdkVersion is captured in gradle build files, this is required for non gradle builds -->
21    <!-- <uses-sdk android:minSdkVersion="14"/> -->
22    <uses-permission android:name="android.permission.ACCESS_NETWORK_STATE" />
22-->[com.google.firebase:firebase-database:19.1.0] AndroidManifest.xml:25:5-79
22-->[com.google.firebase:firebase-database:19.1.0] AndroidManifest.xml:25:22-76
23    <uses-permission android:name="android.permission.WAKE_LOCK" /> <!-- Required by older versions of Google Play services to create IID tokens -->
23-->[com.google.android.gms:play-services-measurement-api:17.2.1] AndroidManifest.xml:24:5-68
23-->[com.google.android.gms:play-services-measurement-api:17.2.1] AndroidManifest.xml:24:22-65
24    <uses-permission android:name="com.google.android.c2dm.permission.RECEIVE" />
24-->[com.google.firebase:firebase-iid:20.0.1] AndroidManifest.xml:26:5-82
24-->[com.google.firebase:firebase-iid:20.0.1] AndroidManifest.xml:26:22-79
25    <uses-permission android:name="com.google.android.finsky.permission.BIND_GET_INSTALL_REFERRER_SERVICE" />
25-->[com.google.android.gms:play-services-measurement:17.2.1] AndroidManifest.xml:26:5-110
25-->[com.google.android.gms:play-services-measurement:17.2.1] AndroidManifest.xml:26:22-107
26
27    <application
27-->src\main\AndroidManifest.xml:14:5-73:19
28        android:allowBackup="true"
28-->src\main\AndroidManifest.xml:15:9-35
29        android:appComponentFactory="androidx.core.app.CoreComponentFactory"
29-->[androidx.core:core:1.1.0] AndroidManifest.xml:24:18-86
30        android:debuggable="true"
31        android:icon="@drawable/mainlogo"
31-->src\main\AndroidManifest.xml:16:9-42
32        android:label="Frazzer"
32-->src\main\AndroidManifest.xml:17:9-32
33        android:roundIcon="@drawable/mainlogo"
33-->src\main\AndroidManifest.xml:18:9-47
34        android:supportsRtl="true"
34-->src\main\AndroidManifest.xml:19:9-35
35        android:theme="@style/AppTheme" >
35-->src\main\AndroidManifest.xml:20:9-40
36        <activity android:name="com.example.cat300.friend_request" />
36-->src\main\AndroidManifest.xml:21:9-61
36-->src\main\AndroidManifest.xml:21:19-49
37        <activity android:name="com.example.cat300.user_attribute" />
37-->src\main\AndroidManifest.xml:22:9-52
37-->src\main\AndroidManifest.xml:22:19-49
38        <activity android:name="com.example.cat300.people_profile" />
38-->src\main\AndroidManifest.xml:23:9-52
38-->src\main\AndroidManifest.xml:23:19-49
39        <activity
39-->src\main\AndroidManifest.xml:24:9-26:52
40            android:name="com.example.cat300.scanqr"
40-->src\main\AndroidManifest.xml:25:13-35
41            android:screenOrientation="portrait" />
41-->src\main\AndroidManifest.xml:26:13-49
42        <activity
42-->src\main\AndroidManifest.xml:27:9-29:52
43            android:name="com.example.cat300.qrcode"
43-->src\main\AndroidManifest.xml:28:13-35
44            android:screenOrientation="portrait" />
44-->src\main\AndroidManifest.xml:29:13-49
45        <activity
45-->src\main\AndroidManifest.xml:30:9-32:52
46            android:name="com.example.cat300.selfProfile"
46-->src\main\AndroidManifest.xml:31:13-40
47            android:screenOrientation="portrait" />
47-->src\main\AndroidManifest.xml:32:13-49
48        <activity
48-->src\main\AndroidManifest.xml:33:9-35:52
49            android:name="com.example.cat300.addMoment"
49-->src\main\AndroidManifest.xml:34:13-38
50            android:screenOrientation="portrait" />
50-->src\main\AndroidManifest.xml:35:13-49
51
52        <service
52-->src\main\AndroidManifest.xml:37:9-43:19
53            android:name="com.example.cat300.notification.MyFirebaseMessaging"
53-->src\main\AndroidManifest.xml:38:13-61
54            android:exported="false" >
54-->src\main\AndroidManifest.xml:39:13-37
55            <intent-filter>
55-->src\main\AndroidManifest.xml:40:13-42:29
56                <action android:name="com.google.firebase.MESSAGING_EVENT" />
56-->src\main\AndroidManifest.xml:41:17-78
56-->src\main\AndroidManifest.xml:41:25-75
57            </intent-filter>
58        </service>
59
60        <activity
60-->src\main\AndroidManifest.xml:45:9-47:52
61            android:name="com.example.cat300.showMessage"
61-->src\main\AndroidManifest.xml:46:13-40
62            android:screenOrientation="portrait" />
62-->src\main\AndroidManifest.xml:47:13-49
63        <activity
63-->src\main\AndroidManifest.xml:48:9-50:52
64            android:name="com.example.cat300.register"
64-->src\main\AndroidManifest.xml:49:13-37
65            android:screenOrientation="portrait" />
65-->src\main\AndroidManifest.xml:50:13-49
66        <activity
66-->src\main\AndroidManifest.xml:51:9-59:20
67            android:name="com.example.cat300.start"
67-->src\main\AndroidManifest.xml:52:13-34
68            android:screenOrientation="portrait" >
68-->src\main\AndroidManifest.xml:53:13-49
69            <intent-filter>
69-->src\main\AndroidManifest.xml:54:13-58:29
70                <action android:name="android.intent.action.MAIN" />
70-->src\main\AndroidManifest.xml:55:17-69
70-->src\main\AndroidManifest.xml:55:25-66
71
72                <category android:name="android.intent.category.LAUNCHER" />
72-->src\main\AndroidManifest.xml:57:17-77
72-->src\main\AndroidManifest.xml:57:27-74
73            </intent-filter>
74        </activity>
75        <activity
75-->src\main\AndroidManifest.xml:60:9-62:52
76            android:name="com.example.cat300.MainActivity"
76-->src\main\AndroidManifest.xml:61:13-41
77            android:screenOrientation="portrait" />
77-->src\main\AndroidManifest.xml:62:13-49
78
79        <meta-data
79-->src\main\AndroidManifest.xml:64:9-66:57
80            android:name="preloaded_fonts"
80-->src\main\AndroidManifest.xml:65:13-43
81            android:resource="@array/preloaded_fonts" />
81-->src\main\AndroidManifest.xml:66:13-54
82        <meta-data
82-->src\main\AndroidManifest.xml:67:9-69:37
83            android:name="firebase_messaging_auto_init_enabled"
83-->src\main\AndroidManifest.xml:68:13-64
84            android:value="false" />
84-->src\main\AndroidManifest.xml:69:13-34
85        <meta-data
85-->src\main\AndroidManifest.xml:70:9-72:37
86            android:name="firebase_analytics_collection_enabled"
86-->src\main\AndroidManifest.xml:71:13-65
87            android:value="false" />
87-->src\main\AndroidManifest.xml:72:13-34
88
89        <activity
89-->[com.karumi:dexter:5.0.0] AndroidManifest.xml:27:9-29:72
90            android:name="com.karumi.dexter.DexterActivity"
90-->[com.karumi:dexter:5.0.0] AndroidManifest.xml:28:13-60
91            android:theme="@style/Dexter.Internal.Theme.Transparent" />
91-->[com.karumi:dexter:5.0.0] AndroidManifest.xml:29:13-69
92
93        <provider
93-->[com.squareup.picasso:picasso:2.71828] AndroidManifest.xml:8:9-11:40
94            android:name="com.squareup.picasso.PicassoProvider"
94-->[com.squareup.picasso:picasso:2.71828] AndroidManifest.xml:9:13-64
95            android:authorities="com.example.cat300.com.squareup.picasso"
95-->[com.squareup.picasso:picasso:2.71828] AndroidManifest.xml:10:13-72
96            android:exported="false" />
96-->[com.squareup.picasso:picasso:2.71828] AndroidManifest.xml:11:13-37
97
98        <activity
98-->[com.google.firebase:firebase-auth:19.1.0] AndroidManifest.xml:24:9-31:50
99            android:name="com.google.firebase.auth.internal.FederatedSignInActivity"
99-->[com.google.firebase:firebase-auth:19.1.0] AndroidManifest.xml:25:13-85
100            android:excludeFromRecents="true"
100-->[com.google.firebase:firebase-auth:19.1.0] AndroidManifest.xml:26:13-46
101            android:exported="true"
101-->[com.google.firebase:firebase-auth:19.1.0] AndroidManifest.xml:27:13-36
102            android:launchMode="singleTask"
102-->[com.google.firebase:firebase-auth:19.1.0] AndroidManifest.xml:28:13-44
103            android:permission="com.google.firebase.auth.api.gms.permission.LAUNCH_FEDERATED_SIGN_IN"
103-->[com.google.firebase:firebase-auth:19.1.0] AndroidManifest.xml:29:13-102
104            android:theme="@android:style/Theme.Translucent.NoTitleBar" />
104-->[com.google.firebase:firebase-auth:19.1.0] AndroidManifest.xml:30:13-72
105
106        <service
106-->[com.google.firebase:firebase-auth:19.1.0] AndroidManifest.xml:33:9-39:19
107            android:name="com.google.firebase.components.ComponentDiscoveryService"
107-->[com.google.firebase:firebase-auth:19.1.0] AndroidManifest.xml:34:13-84
108            android:directBootAware="true"
108-->[com.google.firebase:firebase-common:19.2.0] AndroidManifest.xml:15:13-43
109            android:exported="false" >
109-->[com.google.firebase:firebase-auth:19.1.0] AndroidManifest.xml:35:13-37
110            <meta-data
110-->[com.google.firebase:firebase-auth:19.1.0] AndroidManifest.xml:36:13-38:85
111                android:name="com.google.firebase.components:com.google.firebase.auth.FirebaseAuthRegistrar"
111-->[com.google.firebase:firebase-auth:19.1.0] AndroidManifest.xml:37:17-109
112                android:value="com.google.firebase.components.ComponentRegistrar" />
112-->[com.google.firebase:firebase-auth:19.1.0] AndroidManifest.xml:38:17-82
113            <meta-data
113-->[com.google.firebase:firebase-database:19.1.0] AndroidManifest.xml:32:13-34:85
114                android:name="com.google.firebase.components:com.google.firebase.database.DatabaseRegistrar"
114-->[com.google.firebase:firebase-database:19.1.0] AndroidManifest.xml:33:17-109
115                android:value="com.google.firebase.components.ComponentRegistrar" />
115-->[com.google.firebase:firebase-database:19.1.0] AndroidManifest.xml:34:17-82
116            <meta-data
116-->[com.google.firebase:firebase-storage:19.1.0] AndroidManifest.xml:33:13-35:85
117                android:name="com.google.firebase.components:com.google.firebase.storage.StorageRegistrar"
117-->[com.google.firebase:firebase-storage:19.1.0] AndroidManifest.xml:34:17-107
118                android:value="com.google.firebase.components.ComponentRegistrar" />
118-->[com.google.firebase:firebase-storage:19.1.0] AndroidManifest.xml:35:17-82
119            <meta-data
119-->[com.google.android.gms:play-services-measurement-api:17.2.1] AndroidManifest.xml:30:13-32:85
120                android:name="com.google.firebase.components:com.google.firebase.analytics.connector.internal.AnalyticsConnectorRegistrar"
120-->[com.google.android.gms:play-services-measurement-api:17.2.1] AndroidManifest.xml:31:17-139
121                android:value="com.google.firebase.components.ComponentRegistrar" />
121-->[com.google.android.gms:play-services-measurement-api:17.2.1] AndroidManifest.xml:32:17-82
122            <meta-data
122-->[com.google.firebase:firebase-iid:20.0.1] AndroidManifest.xml:32:13-34:85
123                android:name="com.google.firebase.components:com.google.firebase.iid.Registrar"
123-->[com.google.firebase:firebase-iid:20.0.1] AndroidManifest.xml:33:17-96
124                android:value="com.google.firebase.components.ComponentRegistrar" />
124-->[com.google.firebase:firebase-iid:20.0.1] AndroidManifest.xml:34:17-82
125        </service>
126        <!--
127             FirebaseMessagingService performs security checks at runtime,
128             but set to not exported to explicitly avoid allowing another app to call it.
129        -->
130        <service
130-->[com.google.firebase:firebase-messaging:20.0.1] AndroidManifest.xml:28:9-34:19
131            android:name="com.google.firebase.messaging.FirebaseMessagingService"
131-->[com.google.firebase:firebase-messaging:20.0.1] AndroidManifest.xml:29:13-82
132            android:exported="false" >
132-->[com.google.firebase:firebase-messaging:20.0.1] AndroidManifest.xml:30:13-37
133            <intent-filter android:priority="-500" >
133-->src\main\AndroidManifest.xml:40:13-42:29
134                <action android:name="com.google.firebase.MESSAGING_EVENT" />
134-->src\main\AndroidManifest.xml:41:17-78
134-->src\main\AndroidManifest.xml:41:25-75
135            </intent-filter>
136        </service>
137
138        <receiver
138-->[com.google.firebase:firebase-iid:20.0.1] AndroidManifest.xml:37:9-44:20
139            android:name="com.google.firebase.iid.FirebaseInstanceIdReceiver"
139-->[com.google.firebase:firebase-iid:20.0.1] AndroidManifest.xml:38:13-78
140            android:exported="true"
140-->[com.google.firebase:firebase-iid:20.0.1] AndroidManifest.xml:39:13-36
141            android:permission="com.google.android.c2dm.permission.SEND" >
141-->[com.google.firebase:firebase-iid:20.0.1] AndroidManifest.xml:40:13-73
142            <intent-filter>
142-->[com.google.firebase:firebase-iid:20.0.1] AndroidManifest.xml:41:13-43:29
143                <action android:name="com.google.android.c2dm.intent.RECEIVE" />
143-->[com.google.firebase:firebase-iid:20.0.1] AndroidManifest.xml:42:17-81
143-->[com.google.firebase:firebase-iid:20.0.1] AndroidManifest.xml:42:25-78
144            </intent-filter>
145        </receiver>
146
147        <activity
147-->[com.google.android.gms:play-services-base:17.1.0] AndroidManifest.xml:23:9-26:75
148            android:name="com.google.android.gms.common.api.GoogleApiActivity"
148-->[com.google.android.gms:play-services-base:17.1.0] AndroidManifest.xml:24:13-79
149            android:exported="false"
149-->[com.google.android.gms:play-services-base:17.1.0] AndroidManifest.xml:25:13-37
150            android:theme="@android:style/Theme.Translucent.NoTitleBar" />
150-->[com.google.android.gms:play-services-base:17.1.0] AndroidManifest.xml:26:13-72
151
152        <receiver
152-->[com.google.android.gms:play-services-measurement:17.2.1] AndroidManifest.xml:29:9-33:20
153            android:name="com.google.android.gms.measurement.AppMeasurementReceiver"
153-->[com.google.android.gms:play-services-measurement:17.2.1] AndroidManifest.xml:30:13-85
154            android:enabled="true"
154-->[com.google.android.gms:play-services-measurement:17.2.1] AndroidManifest.xml:31:13-35
155            android:exported="false" >
155-->[com.google.android.gms:play-services-measurement:17.2.1] AndroidManifest.xml:32:13-37
156        </receiver>
157        <receiver
157-->[com.google.android.gms:play-services-measurement:17.2.1] AndroidManifest.xml:34:9-42:20
158            android:name="com.google.android.gms.measurement.AppMeasurementInstallReferrerReceiver"
158-->[com.google.android.gms:play-services-measurement:17.2.1] AndroidManifest.xml:35:13-100
159            android:enabled="true"
159-->[com.google.android.gms:play-services-measurement:17.2.1] AndroidManifest.xml:36:13-35
160            android:exported="true"
160-->[com.google.android.gms:play-services-measurement:17.2.1] AndroidManifest.xml:37:13-36
161            android:permission="android.permission.INSTALL_PACKAGES" >
161-->[com.google.android.gms:play-services-measurement:17.2.1] AndroidManifest.xml:38:13-69
162            <intent-filter>
162-->[com.google.android.gms:play-services-measurement:17.2.1] AndroidManifest.xml:39:13-41:29
163                <action android:name="com.android.vending.INSTALL_REFERRER" />
163-->[com.google.android.gms:play-services-measurement:17.2.1] AndroidManifest.xml:40:17-79
163-->[com.google.android.gms:play-services-measurement:17.2.1] AndroidManifest.xml:40:25-76
164            </intent-filter>
165        </receiver>
166
167        <service
167-->[com.google.android.gms:play-services-measurement:17.2.1] AndroidManifest.xml:44:9-47:40
168            android:name="com.google.android.gms.measurement.AppMeasurementService"
168-->[com.google.android.gms:play-services-measurement:17.2.1] AndroidManifest.xml:45:13-84
169            android:enabled="true"
169-->[com.google.android.gms:play-services-measurement:17.2.1] AndroidManifest.xml:46:13-35
170            android:exported="false" />
170-->[com.google.android.gms:play-services-measurement:17.2.1] AndroidManifest.xml:47:13-37
171        <service
171-->[com.google.android.gms:play-services-measurement:17.2.1] AndroidManifest.xml:48:9-52:72
172            android:name="com.google.android.gms.measurement.AppMeasurementJobService"
172-->[com.google.android.gms:play-services-measurement:17.2.1] AndroidManifest.xml:49:13-87
173            android:enabled="true"
173-->[com.google.android.gms:play-services-measurement:17.2.1] AndroidManifest.xml:50:13-35
174            android:exported="false"
174-->[com.google.android.gms:play-services-measurement:17.2.1] AndroidManifest.xml:51:13-37
175            android:permission="android.permission.BIND_JOB_SERVICE" />
175-->[com.google.android.gms:play-services-measurement:17.2.1] AndroidManifest.xml:52:13-69
176
177        <provider
177-->[com.google.firebase:firebase-common:19.2.0] AndroidManifest.xml:19:9-23:39
178            android:name="com.google.firebase.provider.FirebaseInitProvider"
178-->[com.google.firebase:firebase-common:19.2.0] AndroidManifest.xml:20:13-77
179            android:authorities="com.example.cat300.firebaseinitprovider"
179-->[com.google.firebase:firebase-common:19.2.0] AndroidManifest.xml:21:13-72
180            android:exported="false"
180-->[com.google.firebase:firebase-common:19.2.0] AndroidManifest.xml:22:13-37
181            android:initOrder="100" />
181-->[com.google.firebase:firebase-common:19.2.0] AndroidManifest.xml:23:13-36
182
183        <meta-data
183-->[com.google.android.gms:play-services-basement:17.0.0] AndroidManifest.xml:23:9-25:69
184            android:name="com.google.android.gms.version"
184-->[com.google.android.gms:play-services-basement:17.0.0] AndroidManifest.xml:24:13-58
185            android:value="@integer/google_play_services_version" />
185-->[com.google.android.gms:play-services-basement:17.0.0] AndroidManifest.xml:25:13-66
186    </application>
187
188</manifest>